<?xml version="1.0" encoding="UTF-8"?>
<coverage generated="1696470870858" clover="3.2.0">
  <project timestamp="1696470870858" name="All files">
    <metrics statements="81" coveredstatements="69" conditionals="34" coveredconditionals="26" methods="26" coveredmethods="25" elements="141" coveredelements="120" complexity="0" loc="81" ncloc="81" packages="2" files="5" classes="5"/>
    <package name="dao">
      <metrics statements="20" coveredstatements="18" conditionals="0" coveredconditionals="0" methods="7" coveredmethods="6"/>
      <file name="ContatoCsvDAO.ts" path="C:\Users\fabio\OneDrive\Área de Trabalho\Studies\Projects\OOP - TypeScript\src\model\dao\ContatoCsvDAO.ts">
        <metrics statements="8" coveredstatements="6" conditionals="0" coveredconditionals="0" methods="3" coveredmethods="2"/>
        <line num="1" count="1" type="stmt"/>
        <line num="2" count="1" type="stmt"/>
        <line num="3" count="1" type="stmt"/>
        <line num="5" count="1" type="stmt"/>
        <line num="8" count="1" type="stmt"/>
        <line num="12" count="1" type="stmt"/>
        <line num="13" count="0" type="stmt"/>
        <line num="20" count="0" type="stmt"/>
      </file>
      <file name="ContatoDAO.ts" path="C:\Users\fabio\OneDrive\Área de Trabalho\Studies\Projects\OOP - TypeScript\src\model\dao\ContatoDAO.ts">
        <metrics statements="5" coveredstatements="5" conditionals="0" coveredconditionals="0" methods="1" coveredmethods="1"/>
        <line num="1" count="1" type="stmt"/>
        <line num="2" count="1" type="stmt"/>
        <line num="5" count="1" type="stmt"/>
        <line num="10" count="2" type="stmt"/>
        <line num="11" count="2" type="stmt"/>
      </file>
      <file name="ContatoJsonDAO.ts" path="C:\Users\fabio\OneDrive\Área de Trabalho\Studies\Projects\OOP - TypeScript\src\model\dao\ContatoJsonDAO.ts">
        <metrics statements="7" coveredstatements="7" conditionals="0" coveredconditionals="0" methods="3" coveredmethods="3"/>
        <line num="1" count="1" type="stmt"/>
        <line num="2" count="1" type="stmt"/>
        <line num="4" count="1" type="stmt"/>
        <line num="7" count="1" type="stmt"/>
        <line num="11" count="1" type="stmt"/>
        <line num="12" count="100" type="stmt"/>
        <line num="19" count="1" type="stmt"/>
      </file>
    </package>
    <package name="entity">
      <metrics statements="61" coveredstatements="51" conditionals="34" coveredconditionals="26" methods="19" coveredmethods="19"/>
      <file name="ContaBancaria.ts" path="C:\Users\fabio\OneDrive\Área de Trabalho\Studies\Projects\OOP - TypeScript\src\model\entity\ContaBancaria.ts">
        <metrics statements="33" coveredstatements="27" conditionals="18" coveredconditionals="14" methods="10" coveredmethods="10"/>
        <line num="1" count="1" type="stmt"/>
        <line num="3" count="5" type="stmt"/>
        <line num="4" count="5" type="stmt"/>
        <line num="8" count="5" type="stmt"/>
        <line num="9" count="5" type="cond" truecount="3" falsecount="1"/>
        <line num="10" count="5" type="cond" truecount="3" falsecount="1"/>
        <line num="14" count="2" type="stmt"/>
        <line num="18" count="5" type="cond" truecount="1" falsecount="1"/>
        <line num="19" count="5" type="stmt"/>
        <line num="21" count="0" type="stmt"/>
        <line num="26" count="2" type="stmt"/>
        <line num="30" count="5" type="cond" truecount="1" falsecount="1"/>
        <line num="31" count="5" type="stmt"/>
        <line num="33" count="0" type="stmt"/>
        <line num="38" count="3" type="stmt"/>
        <line num="42" count="3" type="cond" truecount="1" falsecount="0"/>
        <line num="43" count="3" type="stmt"/>
        <line num="44" count="3" type="stmt"/>
        <line num="47" count="0" type="stmt"/>
        <line num="51" count="1" type="cond" truecount="3" falsecount="0"/>
        <line num="52" count="1" type="stmt"/>
        <line num="53" count="1" type="stmt"/>
        <line num="56" count="0" type="stmt"/>
        <line num="60" count="6" type="stmt"/>
        <line num="62" count="6" type="cond" truecount="1" falsecount="0"/>
        <line num="63" count="6" type="stmt"/>
        <line num="64" count="6" type="stmt"/>
        <line num="67" count="0" type="stmt"/>
        <line num="71" count="6" type="stmt"/>
        <line num="73" count="6" type="cond" truecount="1" falsecount="0"/>
        <line num="74" count="6" type="stmt"/>
        <line num="75" count="6" type="stmt"/>
        <line num="78" count="0" type="stmt"/>
      </file>
      <file name="Contato.ts" path="C:\Users\fabio\OneDrive\Área de Trabalho\Studies\Projects\OOP - TypeScript\src\model\entity\Contato.ts">
        <metrics statements="28" coveredstatements="24" conditionals="16" coveredconditionals="12" methods="9" coveredmethods="9"/>
        <line num="1" count="2" type="stmt"/>
        <line num="3" count="2" type="stmt"/>
        <line num="5" count="101" type="stmt"/>
        <line num="6" count="101" type="stmt"/>
        <line num="7" count="101" type="stmt"/>
        <line num="8" count="101" type="stmt"/>
        <line num="11" count="101" type="stmt"/>
        <line num="12" count="101" type="stmt"/>
        <line num="13" count="101" type="stmt"/>
        <line num="14" count="101" type="stmt"/>
        <line num="18" count="1" type="stmt"/>
        <line num="22" count="101" type="cond" truecount="3" falsecount="1"/>
        <line num="23" count="101" type="stmt"/>
        <line num="25" count="0" type="stmt"/>
        <line num="30" count="1" type="stmt"/>
        <line num="34" count="101" type="stmt"/>
        <line num="35" count="101" type="stmt"/>
        <line num="36" count="101" type="cond" truecount="3" falsecount="1"/>
        <line num="37" count="101" type="stmt"/>
        <line num="39" count="0" type="stmt"/>
        <line num="44" count="1" type="stmt"/>
        <line num="48" count="101" type="cond" truecount="3" falsecount="1"/>
        <line num="49" count="101" type="stmt"/>
        <line num="51" count="0" type="stmt"/>
        <line num="56" count="1" type="stmt"/>
        <line num="60" count="101" type="cond" truecount="3" falsecount="1"/>
        <line num="61" count="101" type="stmt"/>
        <line num="63" count="0" type="stmt"/>
      </file>
    </package>
  </project>
</coverage>
