{"C:\\Users\\fabio\\OneDrive\\Área de Trabalho\\Studies\\Projects\\OOP - TypeScript\\src\\model\\dao\\ContatoCsvDAO.ts": {"path":"C:\\Users\\fabio\\OneDrive\\Área de Trabalho\\Studies\\Projects\\OOP - TypeScript\\src\\model\\dao\\ContatoCsvDAO.ts","statementMap":{"0":{"start":{"line":1,"column":0},"end":{"line":1,"column":43}},"1":{"start":{"line":2,"column":0},"end":{"line":2,"column":41}},"2":{"start":{"line":3,"column":0},"end":{"line":3,"column":38}},"3":{"start":{"line":8,"column":8},"end":{"line":8,"column":null}},"4":{"start":{"line":12,"column":32},"end":{"line":12,"column":55}},"5":{"start":{"line":13,"column":25},"end":{"line":18,"column":10}},"6":{"start":{"line":13,"column":45},"end":{"line":17,"column":null}},"7":{"start":{"line":20,"column":8},"end":{"line":20,"column":null}},"8":{"start":{"line":5,"column":0},"end":{"line":5,"column":13}}},"fnMap":{"0":{"name":"(anonymous_0)","decl":{"start":{"line":7,"column":4},"end":{"line":7,"column":null}},"loc":{"start":{"line":7,"column":4},"end":{"line":9,"column":5}}},"1":{"name":"(anonymous_1)","decl":{"start":{"line":11,"column":4},"end":{"line":11,"column":21}},"loc":{"start":{"line":11,"column":21},"end":{"line":21,"column":5}}},"2":{"name":"(anonymous_2)","decl":{"start":{"line":13,"column":38},"end":{"line":13,"column":41}},"loc":{"start":{"line":13,"column":45},"end":{"line":17,"column":null}}}},"branchMap":{},"s":{"0":1,"1":1,"2":1,"3":1,"4":1,"5":0,"6":0,"7":0,"8":1},"f":{"0":1,"1":1,"2":0},"b":{}}
,"C:\\Users\\fabio\\OneDrive\\Área de Trabalho\\Studies\\Projects\\OOP - TypeScript\\src\\model\\dao\\ContatoDAO.ts": {"path":"C:\\Users\\fabio\\OneDrive\\Área de Trabalho\\Studies\\Projects\\OOP - TypeScript\\src\\model\\dao\\ContatoDAO.ts","statementMap":{"0":{"start":{"line":1,"column":0},"end":{"line":1,"column":33}},"1":{"start":{"line":2,"column":0},"end":{"line":2,"column":27}},"2":{"start":{"line":10,"column":31},"end":{"line":10,"column":76}},"3":{"start":{"line":11,"column":8},"end":{"line":11,"column":null}},"4":{"start":{"line":5,"column":0},"end":{"line":5,"column":22}}},"fnMap":{"0":{"name":"(anonymous_0)","decl":{"start":{"line":9,"column":4},"end":{"line":9,"column":16}},"loc":{"start":{"line":9,"column":35},"end":{"line":12,"column":5}}}},"branchMap":{},"s":{"0":1,"1":1,"2":2,"3":2,"4":1},"f":{"0":2},"b":{}}
,"C:\\Users\\fabio\\OneDrive\\Área de Trabalho\\Studies\\Projects\\OOP - TypeScript\\src\\model\\dao\\ContatoJsonDAO.ts": {"path":"C:\\Users\\fabio\\OneDrive\\Área de Trabalho\\Studies\\Projects\\OOP - TypeScript\\src\\model\\dao\\ContatoJsonDAO.ts","statementMap":{"0":{"start":{"line":1,"column":0},"end":{"line":1,"column":43}},"1":{"start":{"line":2,"column":0},"end":{"line":2,"column":41}},"2":{"start":{"line":7,"column":8},"end":{"line":7,"column":null}},"3":{"start":{"line":11,"column":32},"end":{"line":11,"column":60}},"4":{"start":{"line":12,"column":25},"end":{"line":17,"column":10}},"5":{"start":{"line":12,"column":45},"end":{"line":16,"column":null}},"6":{"start":{"line":19,"column":8},"end":{"line":19,"column":null}},"7":{"start":{"line":4,"column":0},"end":{"line":4,"column":13}}},"fnMap":{"0":{"name":"(anonymous_0)","decl":{"start":{"line":6,"column":4},"end":{"line":6,"column":null}},"loc":{"start":{"line":6,"column":4},"end":{"line":8,"column":5}}},"1":{"name":"(anonymous_1)","decl":{"start":{"line":10,"column":4},"end":{"line":10,"column":21}},"loc":{"start":{"line":10,"column":21},"end":{"line":20,"column":5}}},"2":{"name":"(anonymous_2)","decl":{"start":{"line":12,"column":38},"end":{"line":12,"column":41}},"loc":{"start":{"line":12,"column":45},"end":{"line":16,"column":null}}}},"branchMap":{},"s":{"0":1,"1":1,"2":1,"3":1,"4":1,"5":100,"6":1,"7":1},"f":{"0":1,"1":1,"2":100},"b":{}}
,"C:\\Users\\fabio\\OneDrive\\Área de Trabalho\\Studies\\Projects\\OOP - TypeScript\\src\\model\\entity\\ContaBancaria.ts": {"path":"C:\\Users\\fabio\\OneDrive\\Área de Trabalho\\Studies\\Projects\\OOP - TypeScript\\src\\model\\entity\\ContaBancaria.ts","statementMap":{"0":{"start":{"line":3,"column":12},"end":{"line":3,"column":null}},"1":{"start":{"line":4,"column":12},"end":{"line":4,"column":null}},"2":{"start":{"line":8,"column":8},"end":{"line":8,"column":null}},"3":{"start":{"line":9,"column":8},"end":{"line":9,"column":null}},"4":{"start":{"line":10,"column":8},"end":{"line":10,"column":null}},"5":{"start":{"line":14,"column":8},"end":{"line":14,"column":null}},"6":{"start":{"line":18,"column":8},"end":{"line":22,"column":null}},"7":{"start":{"line":19,"column":12},"end":{"line":19,"column":null}},"8":{"start":{"line":21,"column":12},"end":{"line":21,"column":null}},"9":{"start":{"line":26,"column":8},"end":{"line":26,"column":null}},"10":{"start":{"line":30,"column":8},"end":{"line":34,"column":null}},"11":{"start":{"line":31,"column":12},"end":{"line":31,"column":null}},"12":{"start":{"line":33,"column":12},"end":{"line":33,"column":null}},"13":{"start":{"line":38,"column":8},"end":{"line":38,"column":null}},"14":{"start":{"line":42,"column":8},"end":{"line":45,"column":null}},"15":{"start":{"line":43,"column":12},"end":{"line":43,"column":null}},"16":{"start":{"line":44,"column":12},"end":{"line":44,"column":null}},"17":{"start":{"line":47,"column":8},"end":{"line":47,"column":null}},"18":{"start":{"line":51,"column":8},"end":{"line":54,"column":null}},"19":{"start":{"line":52,"column":12},"end":{"line":52,"column":null}},"20":{"start":{"line":53,"column":12},"end":{"line":53,"column":null}},"21":{"start":{"line":56,"column":8},"end":{"line":56,"column":null}},"22":{"start":{"line":60,"column":22},"end":{"line":60,"column":37}},"23":{"start":{"line":62,"column":8},"end":{"line":65,"column":null}},"24":{"start":{"line":63,"column":12},"end":{"line":63,"column":null}},"25":{"start":{"line":64,"column":12},"end":{"line":64,"column":null}},"26":{"start":{"line":67,"column":8},"end":{"line":67,"column":null}},"27":{"start":{"line":71,"column":22},"end":{"line":71,"column":37}},"28":{"start":{"line":73,"column":8},"end":{"line":76,"column":null}},"29":{"start":{"line":74,"column":12},"end":{"line":74,"column":null}},"30":{"start":{"line":75,"column":12},"end":{"line":75,"column":null}},"31":{"start":{"line":78,"column":8},"end":{"line":78,"column":null}},"32":{"start":{"line":1,"column":0},"end":{"line":1,"column":13}}},"fnMap":{"0":{"name":"(anonymous_0)","decl":{"start":{"line":7,"column":4},"end":{"line":7,"column":16}},"loc":{"start":{"line":7,"column":49},"end":{"line":11,"column":5}}},"1":{"name":"(anonymous_1)","decl":{"start":{"line":13,"column":4},"end":{"line":13,"column":8}},"loc":{"start":{"line":13,"column":14},"end":{"line":15,"column":5}}},"2":{"name":"(anonymous_2)","decl":{"start":{"line":17,"column":4},"end":{"line":17,"column":8}},"loc":{"start":{"line":17,"column":28},"end":{"line":23,"column":5}}},"3":{"name":"(anonymous_3)","decl":{"start":{"line":25,"column":4},"end":{"line":25,"column":8}},"loc":{"start":{"line":25,"column":15},"end":{"line":27,"column":5}}},"4":{"name":"(anonymous_4)","decl":{"start":{"line":29,"column":4},"end":{"line":29,"column":8}},"loc":{"start":{"line":29,"column":29},"end":{"line":35,"column":5}}},"5":{"name":"(anonymous_5)","decl":{"start":{"line":37,"column":4},"end":{"line":37,"column":13}},"loc":{"start":{"line":37,"column":13},"end":{"line":39,"column":5}}},"6":{"name":"(anonymous_6)","decl":{"start":{"line":41,"column":4},"end":{"line":41,"column":13}},"loc":{"start":{"line":41,"column":27},"end":{"line":48,"column":5}}},"7":{"name":"(anonymous_7)","decl":{"start":{"line":50,"column":4},"end":{"line":50,"column":9}},"loc":{"start":{"line":50,"column":23},"end":{"line":57,"column":5}}},"8":{"name":"(anonymous_8)","decl":{"start":{"line":59,"column":12},"end":{"line":59,"column":26}},"loc":{"start":{"line":59,"column":41},"end":{"line":68,"column":5}}},"9":{"name":"(anonymous_9)","decl":{"start":{"line":70,"column":12},"end":{"line":70,"column":27}},"loc":{"start":{"line":70,"column":43},"end":{"line":79,"column":5}}}},"branchMap":{"0":{"loc":{"start":{"line":9,"column":22},"end":{"line":9,"column":93}},"type":"cond-expr","locations":[{"start":{"line":9,"column":32},"end":{"line":9,"column":80}},{"start":{"line":9,"column":84},"end":{"line":9,"column":93}}]},"1":{"loc":{"start":{"line":9,"column":32},"end":{"line":9,"column":80}},"type":"cond-expr","locations":[{"start":{"line":9,"column":62},"end":{"line":9,"column":68}},{"start":{"line":9,"column":71},"end":{"line":9,"column":80}}]},"2":{"loc":{"start":{"line":10,"column":23},"end":{"line":10,"column":94}},"type":"cond-expr","locations":[{"start":{"line":10,"column":33},"end":{"line":10,"column":83}},{"start":{"line":10,"column":86},"end":{"line":10,"column":94}}]},"3":{"loc":{"start":{"line":10,"column":33},"end":{"line":10,"column":83}},"type":"cond-expr","locations":[{"start":{"line":10,"column":65},"end":{"line":10,"column":72}},{"start":{"line":10,"column":75},"end":{"line":10,"column":83}}]},"4":{"loc":{"start":{"line":18,"column":8},"end":{"line":22,"column":null}},"type":"if","locations":[{"start":{"line":18,"column":8},"end":{"line":22,"column":null}},{"start":{"line":20,"column":15},"end":{"line":22,"column":null}}]},"5":{"loc":{"start":{"line":30,"column":8},"end":{"line":34,"column":null}},"type":"if","locations":[{"start":{"line":30,"column":8},"end":{"line":34,"column":null}},{"start":{"line":32,"column":15},"end":{"line":34,"column":null}}]},"6":{"loc":{"start":{"line":42,"column":8},"end":{"line":45,"column":null}},"type":"if","locations":[{"start":{"line":42,"column":8},"end":{"line":45,"column":null}}]},"7":{"loc":{"start":{"line":51,"column":8},"end":{"line":54,"column":null}},"type":"if","locations":[{"start":{"line":51,"column":8},"end":{"line":54,"column":null}}]},"8":{"loc":{"start":{"line":51,"column":11},"end":{"line":51,"column":45}},"type":"binary-expr","locations":[{"start":{"line":51,"column":11},"end":{"line":51,"column":21}},{"start":{"line":51,"column":25},"end":{"line":51,"column":45}}]},"9":{"loc":{"start":{"line":62,"column":8},"end":{"line":65,"column":null}},"type":"if","locations":[{"start":{"line":62,"column":8},"end":{"line":65,"column":null}}]},"10":{"loc":{"start":{"line":73,"column":8},"end":{"line":76,"column":null}},"type":"if","locations":[{"start":{"line":73,"column":8},"end":{"line":76,"column":null}}]}},"s":{"0":5,"1":5,"2":5,"3":5,"4":5,"5":2,"6":5,"7":5,"8":0,"9":2,"10":5,"11":5,"12":0,"13":3,"14":3,"15":3,"16":3,"17":0,"18":1,"19":1,"20":1,"21":0,"22":6,"23":6,"24":6,"25":6,"26":0,"27":6,"28":6,"29":6,"30":6,"31":0,"32":1},"f":{"0":5,"1":2,"2":5,"3":2,"4":5,"5":3,"6":3,"7":1,"8":6,"9":6},"b":{"0":[1,4],"1":[1,0],"2":[1,4],"3":[1,0],"4":[5,0],"5":[5,0],"6":[3],"7":[1],"8":[1,1],"9":[6],"10":[6]}}
,"C:\\Users\\fabio\\OneDrive\\Área de Trabalho\\Studies\\Projects\\OOP - TypeScript\\src\\model\\entity\\Contato.ts": {"path":"C:\\Users\\fabio\\OneDrive\\Área de Trabalho\\Studies\\Projects\\OOP - TypeScript\\src\\model\\entity\\Contato.ts","statementMap":{"0":{"start":{"line":1,"column":0},"end":{"line":1,"column":42}},"1":{"start":{"line":5,"column":12},"end":{"line":5,"column":null}},"2":{"start":{"line":6,"column":12},"end":{"line":6,"column":null}},"3":{"start":{"line":7,"column":12},"end":{"line":7,"column":null}},"4":{"start":{"line":8,"column":12},"end":{"line":8,"column":null}},"5":{"start":{"line":11,"column":8},"end":{"line":11,"column":null}},"6":{"start":{"line":12,"column":8},"end":{"line":12,"column":null}},"7":{"start":{"line":13,"column":8},"end":{"line":13,"column":null}},"8":{"start":{"line":14,"column":8},"end":{"line":14,"column":null}},"9":{"start":{"line":18,"column":8},"end":{"line":18,"column":null}},"10":{"start":{"line":22,"column":8},"end":{"line":26,"column":null}},"11":{"start":{"line":23,"column":12},"end":{"line":23,"column":null}},"12":{"start":{"line":25,"column":12},"end":{"line":25,"column":null}},"13":{"start":{"line":30,"column":8},"end":{"line":30,"column":null}},"14":{"start":{"line":34,"column":23},"end":{"line":34,"column":67}},"15":{"start":{"line":35,"column":26},"end":{"line":35,"column":43}},"16":{"start":{"line":36,"column":8},"end":{"line":40,"column":null}},"17":{"start":{"line":37,"column":12},"end":{"line":37,"column":null}},"18":{"start":{"line":39,"column":12},"end":{"line":39,"column":null}},"19":{"start":{"line":44,"column":8},"end":{"line":44,"column":null}},"20":{"start":{"line":48,"column":8},"end":{"line":52,"column":null}},"21":{"start":{"line":49,"column":12},"end":{"line":49,"column":null}},"22":{"start":{"line":51,"column":12},"end":{"line":51,"column":null}},"23":{"start":{"line":56,"column":8},"end":{"line":56,"column":null}},"24":{"start":{"line":60,"column":8},"end":{"line":64,"column":null}},"25":{"start":{"line":61,"column":12},"end":{"line":61,"column":null}},"26":{"start":{"line":63,"column":12},"end":{"line":63,"column":null}},"27":{"start":{"line":3,"column":0},"end":{"line":3,"column":13}}},"fnMap":{"0":{"name":"(anonymous_0)","decl":{"start":{"line":10,"column":4},"end":{"line":10,"column":16}},"loc":{"start":{"line":10,"column":83},"end":{"line":15,"column":5}}},"1":{"name":"(anonymous_1)","decl":{"start":{"line":17,"column":4},"end":{"line":17,"column":8}},"loc":{"start":{"line":17,"column":12},"end":{"line":19,"column":5}}},"2":{"name":"(anonymous_2)","decl":{"start":{"line":21,"column":4},"end":{"line":21,"column":8}},"loc":{"start":{"line":21,"column":25},"end":{"line":27,"column":5}}},"3":{"name":"(anonymous_3)","decl":{"start":{"line":29,"column":4},"end":{"line":29,"column":8}},"loc":{"start":{"line":29,"column":16},"end":{"line":31,"column":5}}},"4":{"name":"(anonymous_4)","decl":{"start":{"line":33,"column":4},"end":{"line":33,"column":8}},"loc":{"start":{"line":33,"column":33},"end":{"line":41,"column":5}}},"5":{"name":"(anonymous_5)","decl":{"start":{"line":43,"column":4},"end":{"line":43,"column":8}},"loc":{"start":{"line":43,"column":13},"end":{"line":45,"column":5}}},"6":{"name":"(anonymous_6)","decl":{"start":{"line":47,"column":4},"end":{"line":47,"column":8}},"loc":{"start":{"line":47,"column":27},"end":{"line":53,"column":5}}},"7":{"name":"(anonymous_7)","decl":{"start":{"line":55,"column":4},"end":{"line":55,"column":8}},"loc":{"start":{"line":55,"column":22},"end":{"line":57,"column":5}}},"8":{"name":"(anonymous_8)","decl":{"start":{"line":59,"column":4},"end":{"line":59,"column":8}},"loc":{"start":{"line":59,"column":43},"end":{"line":65,"column":5}}}},"branchMap":{"0":{"loc":{"start":{"line":22,"column":8},"end":{"line":26,"column":null}},"type":"if","locations":[{"start":{"line":22,"column":8},"end":{"line":26,"column":null}},{"start":{"line":24,"column":15},"end":{"line":26,"column":null}}]},"1":{"loc":{"start":{"line":22,"column":11},"end":{"line":22,"column":34}},"type":"binary-expr","locations":[{"start":{"line":22,"column":11},"end":{"line":22,"column":15}},{"start":{"line":22,"column":19},"end":{"line":22,"column":34}}]},"2":{"loc":{"start":{"line":36,"column":8},"end":{"line":40,"column":null}},"type":"if","locations":[{"start":{"line":36,"column":8},"end":{"line":40,"column":null}},{"start":{"line":38,"column":15},"end":{"line":40,"column":null}}]},"3":{"loc":{"start":{"line":36,"column":11},"end":{"line":36,"column":47}},"type":"binary-expr","locations":[{"start":{"line":36,"column":11},"end":{"line":36,"column":19}},{"start":{"line":36,"column":23},"end":{"line":36,"column":47}}]},"4":{"loc":{"start":{"line":48,"column":8},"end":{"line":52,"column":null}},"type":"if","locations":[{"start":{"line":48,"column":8},"end":{"line":52,"column":null}},{"start":{"line":50,"column":15},"end":{"line":52,"column":null}}]},"5":{"loc":{"start":{"line":48,"column":11},"end":{"line":48,"column":35}},"type":"binary-expr","locations":[{"start":{"line":48,"column":11},"end":{"line":48,"column":16}},{"start":{"line":48,"column":20},"end":{"line":48,"column":35}}]},"6":{"loc":{"start":{"line":60,"column":8},"end":{"line":64,"column":null}},"type":"if","locations":[{"start":{"line":60,"column":8},"end":{"line":64,"column":null}},{"start":{"line":62,"column":15},"end":{"line":64,"column":null}}]},"7":{"loc":{"start":{"line":60,"column":11},"end":{"line":60,"column":56}},"type":"binary-expr","locations":[{"start":{"line":60,"column":11},"end":{"line":60,"column":25}},{"start":{"line":60,"column":29},"end":{"line":60,"column":56}}]}},"s":{"0":2,"1":101,"2":101,"3":101,"4":101,"5":101,"6":101,"7":101,"8":101,"9":1,"10":101,"11":101,"12":0,"13":1,"14":101,"15":101,"16":101,"17":101,"18":0,"19":1,"20":101,"21":101,"22":0,"23":1,"24":101,"25":101,"26":0,"27":2},"f":{"0":101,"1":1,"2":101,"3":1,"4":101,"5":1,"6":101,"7":1,"8":101},"b":{"0":[101,0],"1":[101,101],"2":[101,0],"3":[101,101],"4":[101,0],"5":[101,101],"6":[101,0],"7":[101,101]}}
}
