TN:
SF:src\model\dao\ContatoCsvDAO.ts
FN:7,(anonymous_0)
FN:11,(anonymous_1)
FN:13,(anonymous_2)
FNF:3
FNH:2
FNDA:1,(anonymous_0)
FNDA:1,(anonymous_1)
FNDA:0,(anonymous_2)
DA:1,1
DA:2,1
DA:3,1
DA:5,1
DA:8,1
DA:12,1
DA:13,0
DA:20,0
LF:8
LH:6
BRF:0
BRH:0
end_of_record
TN:
SF:src\model\dao\ContatoDAO.ts
FN:9,(anonymous_0)
FNF:1
FNH:1
FNDA:2,(anonymous_0)
DA:1,1
DA:2,1
DA:5,1
DA:10,2
DA:11,2
LF:5
LH:5
BRF:0
BRH:0
end_of_record
TN:
SF:src\model\dao\ContatoJsonDAO.ts
FN:6,(anonymous_0)
FN:10,(anonymous_1)
FN:12,(anonymous_2)
FNF:3
FNH:3
FNDA:1,(anonymous_0)
FNDA:1,(anonymous_1)
FNDA:100,(anonymous_2)
DA:1,1
DA:2,1
DA:4,1
DA:7,1
DA:11,1
DA:12,100
DA:19,1
LF:7
LH:7
BRF:0
BRH:0
end_of_record
TN:
SF:src\model\entity\ContaBancaria.ts
FN:7,(anonymous_0)
FN:13,(anonymous_1)
FN:17,(anonymous_2)
FN:25,(anonymous_3)
FN:29,(anonymous_4)
FN:37,(anonymous_5)
FN:41,(anonymous_6)
FN:50,(anonymous_7)
FN:59,(anonymous_8)
FN:70,(anonymous_9)
FNF:10
FNH:10
FNDA:5,(anonymous_0)
FNDA:2,(anonymous_1)
FNDA:5,(anonymous_2)
FNDA:2,(anonymous_3)
FNDA:5,(anonymous_4)
FNDA:3,(anonymous_5)
FNDA:3,(anonymous_6)
FNDA:1,(anonymous_7)
FNDA:6,(anonymous_8)
FNDA:6,(anonymous_9)
DA:1,1
DA:3,5
DA:4,5
DA:8,5
DA:9,5
DA:10,5
DA:14,2
DA:18,5
DA:19,5
DA:21,0
DA:26,2
DA:30,5
DA:31,5
DA:33,0
DA:38,3
DA:42,3
DA:43,3
DA:44,3
DA:47,0
DA:51,1
DA:52,1
DA:53,1
DA:56,0
DA:60,6
DA:62,6
DA:63,6
DA:64,6
DA:67,0
DA:71,6
DA:73,6
DA:74,6
DA:75,6
DA:78,0
LF:33
LH:27
BRDA:9,0,0,1
BRDA:9,0,1,4
BRDA:9,1,0,1
BRDA:9,1,1,0
BRDA:10,2,0,1
BRDA:10,2,1,4
BRDA:10,3,0,1
BRDA:10,3,1,0
BRDA:18,4,0,5
BRDA:18,4,1,0
BRDA:30,5,0,5
BRDA:30,5,1,0
BRDA:42,6,0,3
BRDA:51,7,0,1
BRDA:51,8,0,1
BRDA:51,8,1,1
BRDA:62,9,0,6
BRDA:73,10,0,6
BRF:18
BRH:14
end_of_record
TN:
SF:src\model\entity\Contato.ts
FN:10,(anonymous_0)
FN:17,(anonymous_1)
FN:21,(anonymous_2)
FN:29,(anonymous_3)
FN:33,(anonymous_4)
FN:43,(anonymous_5)
FN:47,(anonymous_6)
FN:55,(anonymous_7)
FN:59,(anonymous_8)
FNF:9
FNH:9
FNDA:101,(anonymous_0)
FNDA:1,(anonymous_1)
FNDA:101,(anonymous_2)
FNDA:1,(anonymous_3)
FNDA:101,(anonymous_4)
FNDA:1,(anonymous_5)
FNDA:101,(anonymous_6)
FNDA:1,(anonymous_7)
FNDA:101,(anonymous_8)
DA:1,2
DA:3,2
DA:5,101
DA:6,101
DA:7,101
DA:8,101
DA:11,101
DA:12,101
DA:13,101
DA:14,101
DA:18,1
DA:22,101
DA:23,101
DA:25,0
DA:30,1
DA:34,101
DA:35,101
DA:36,101
DA:37,101
DA:39,0
DA:44,1
DA:48,101
DA:49,101
DA:51,0
DA:56,1
DA:60,101
DA:61,101
DA:63,0
LF:28
LH:24
BRDA:22,0,0,101
BRDA:22,0,1,0
BRDA:22,1,0,101
BRDA:22,1,1,101
BRDA:36,2,0,101
BRDA:36,2,1,0
BRDA:36,3,0,101
BRDA:36,3,1,101
BRDA:48,4,0,101
BRDA:48,4,1,0
BRDA:48,5,0,101
BRDA:48,5,1,101
BRDA:60,6,0,101
BRDA:60,6,1,0
BRDA:60,7,0,101
BRDA:60,7,1,101
BRF:16
BRH:12
end_of_record
